[debug] [2023-07-07T12:01:21.862Z] ----------------------------------------------------------------------
[debug] [2023-07-07T12:01:21.865Z] Command:       C:\Program Files\nodejs\node.exe C:\Users\ASUS\AppData\Roaming\npm\node_modules\firebase-tools\lib\bin\firebase.js init
[debug] [2023-07-07T12:01:21.865Z] CLI Version:   12.4.2
[debug] [2023-07-07T12:01:21.866Z] Platform:      win32
[debug] [2023-07-07T12:01:21.866Z] Node Version:  v20.4.0
[debug] [2023-07-07T12:01:21.866Z] Time:          Fri Jul 07 2023 17:31:21 GMT+0530 (India Standard Time)
[debug] [2023-07-07T12:01:21.866Z] ----------------------------------------------------------------------
[debug] 
[debug] [2023-07-07T12:01:21.953Z] > command requires scopes: ["email","openid","https://www.googleapis.com/auth/cloudplatformprojects.readonly","https://www.googleapis.com/auth/firebase","https://www.googleapis.com/auth/cloud-platform"]
[debug] [2023-07-07T12:01:21.953Z] > authorizing via signed-in user (rbalram31@gmail.com)
[info] 
     ######## #### ########  ######## ########     ###     ######  ########
     ##        ##  ##     ## ##       ##     ##  ##   ##  ##       ##
     ######    ##  ########  ######   ########  #########  ######  ######
     ##        ##  ##    ##  ##       ##     ## ##     ##       ## ##
     ##       #### ##     ## ######## ########  ##     ##  ######  ########

You're about to initialize a Firebase project in this directory:

  C:\Users\ASUS\Documents\GitHub\city-geojson-ng-project

Before we get started, keep in mind:

  * You are initializing within an existing Firebase project directory

